[debug] [2024-11-12T09:59:21.586Z] ----------------------------------------------------------------------
[debug] [2024-11-12T09:59:21.592Z] Command:       C:\Program Files\nodejs\node.exe C:\Users\anjan\AppData\Roaming\npm\node_modules\firebase-tools\lib\bin\firebase.js login
[debug] [2024-11-12T09:59:21.592Z] CLI Version:   13.24.2
[debug] [2024-11-12T09:59:21.593Z] Platform:      win32
[debug] [2024-11-12T09:59:21.593Z] Node Version:  v20.15.1
[debug] [2024-11-12T09:59:21.593Z] Time:          Tue Nov 12 2024 15:29:21 GMT+0530 (India Standard Time)
[debug] [2024-11-12T09:59:21.593Z] ----------------------------------------------------------------------
[debug] 
[info] i  Firebase optionally collects CLI and Emulator Suite usage and error reporting information to help improve our products. Data is collected in accordance with Google's privacy policy (https://policies.google.com/privacy) and is not used to identify you.
 
[info] i  To change your data collection preference at any time, run `firebase logout` and log in again. 
[info] 
[info] Visit this URL on this device to log in:
[info] https://accounts.google.com/o/oauth2/auth?client_id=563584335869-fgrhgmd47bqnekij5i8b5pr03ho849e6.apps.googleusercontent.com&scope=email%20openid%20https%3A%2F%2Fwww.googleapis.com%2Fauth%2Fcloudplatformprojects.readonly%20https%3A%2F%2Fwww.googleapis.com%2Fauth%2Ffirebase%20https%3A%2F%2Fwww.googleapis.com%2Fauth%2Fcloud-platform&response_type=code&state=453943374&redirect_uri=http%3A%2F%2Flocalhost%3A9005
[info] 
[info] Waiting for authentication...
[debug] [2024-11-12T09:59:25.397Z] Error: spawn cmd ENOENT
    at ChildProcess._handle.onexit (node:internal/child_process:286:19)
    at onErrorNT (node:internal/child_process:484:16)
    at process.processTicksAndRejections (node:internal/process/task_queues:82:21)
[error] 
[error] Error: An unexpected error has occurred.
